2021-09-13T16:34:18.371+0800	[34mINFO[0m	engine/engine.go:402	=====> 初始化数据库连接
2021-09-13T16:34:18.411+0800	[34mINFO[0m	engine/engine.go:402	=====> 初始化配置
2021-09-13T16:34:18.981+0800	[34mINFO[0m	engine/engine.go:402	=====> 初始化导航栏按钮
2021-09-13T16:34:18.981+0800	[34mINFO[0m	engine/engine.go:402	=====> 初始化插件
2021-09-13T16:34:18.981+0800	[34mINFO[0m	engine/engine.go:402	=====> 初始化成功🍺🍺
2021-09-13T16:51:59.525+0800	[34mINFO[0m	engine/engine.go:402	=====> 初始化数据库连接
2021-09-13T16:51:59.559+0800	[34mINFO[0m	engine/engine.go:402	=====> 初始化配置
2021-09-13T16:51:59.565+0800	[34mINFO[0m	engine/engine.go:402	=====> 初始化导航栏按钮
2021-09-13T16:51:59.566+0800	[34mINFO[0m	engine/engine.go:402	=====> 初始化插件
2021-09-13T16:51:59.566+0800	[34mINFO[0m	engine/engine.go:402	=====> 初始化成功🍺🍺
2021-09-13T16:59:11.733+0800	[34mINFO[0m	engine/engine.go:402	=====> 初始化数据库连接
2021-09-13T16:59:11.764+0800	[34mINFO[0m	engine/engine.go:402	=====> 初始化配置
2021-09-13T16:59:11.771+0800	[34mINFO[0m	engine/engine.go:402	=====> 初始化导航栏按钮
2021-09-13T16:59:11.771+0800	[34mINFO[0m	engine/engine.go:402	=====> 初始化插件
2021-09-13T16:59:11.771+0800	[34mINFO[0m	engine/engine.go:402	=====> 初始化成功🍺🍺
2021-09-13T18:35:31.365+0800	[34mINFO[0m	engine/engine.go:402	=====> 初始化数据库连接
2021-09-13T18:35:31.397+0800	[34mINFO[0m	engine/engine.go:402	=====> 初始化配置
2021-09-13T18:35:31.403+0800	[34mINFO[0m	engine/engine.go:402	=====> 初始化导航栏按钮
2021-09-13T18:35:31.403+0800	[34mINFO[0m	engine/engine.go:402	=====> 初始化插件
2021-09-13T18:35:31.403+0800	[34mINFO[0m	engine/engine.go:402	=====> 初始化成功🍺🍺
2021-09-13T18:58:41.505+0800	[34mINFO[0m	engine/engine.go:402	=====> 初始化数据库连接
2021-09-13T18:58:41.538+0800	[34mINFO[0m	engine/engine.go:402	=====> 初始化配置
2021-09-13T18:58:41.543+0800	[34mINFO[0m	engine/engine.go:402	=====> 初始化导航栏按钮
2021-09-13T18:58:41.543+0800	[34mINFO[0m	engine/engine.go:402	=====> 初始化插件
2021-09-13T18:58:41.543+0800	[34mINFO[0m	engine/engine.go:402	=====> 初始化成功🍺🍺
2021-09-13T19:08:40.521+0800	[34mINFO[0m	engine/engine.go:402	=====> 初始化数据库连接
2021-09-13T19:08:40.551+0800	[34mINFO[0m	engine/engine.go:402	=====> 初始化配置
2021-09-13T19:08:40.558+0800	[34mINFO[0m	engine/engine.go:402	=====> 初始化导航栏按钮
2021-09-13T19:08:40.558+0800	[34mINFO[0m	engine/engine.go:402	=====> 初始化插件
2021-09-13T19:08:40.559+0800	[34mINFO[0m	engine/engine.go:402	=====> 初始化成功🍺🍺
2021-09-13T19:30:23.188+0800	[34mINFO[0m	engine/engine.go:402	=====> 初始化数据库连接
2021-09-13T19:30:23.220+0800	[34mINFO[0m	engine/engine.go:402	=====> 初始化配置
2021-09-13T19:30:23.226+0800	[34mINFO[0m	engine/engine.go:402	=====> 初始化导航栏按钮
2021-09-13T19:30:23.226+0800	[34mINFO[0m	engine/engine.go:402	=====> 初始化插件
2021-09-13T19:30:23.226+0800	[34mINFO[0m	engine/engine.go:402	=====> 初始化成功🍺🍺
2021-09-13T19:38:39.751+0800	[34mINFO[0m	engine/engine.go:402	=====> 初始化数据库连接
2021-09-13T19:38:39.783+0800	[34mINFO[0m	engine/engine.go:402	=====> 初始化配置
2021-09-13T19:38:39.788+0800	[34mINFO[0m	engine/engine.go:402	=====> 初始化导航栏按钮
2021-09-13T19:38:39.788+0800	[34mINFO[0m	engine/engine.go:402	=====> 初始化插件
2021-09-13T19:38:39.789+0800	[34mINFO[0m	engine/engine.go:402	=====> 初始化成功🍺🍺
2021-09-13T19:40:41.131+0800	[34mINFO[0m	engine/engine.go:402	=====> 初始化数据库连接
2021-09-13T19:40:41.162+0800	[34mINFO[0m	engine/engine.go:402	=====> 初始化配置
2021-09-13T19:40:41.169+0800	[34mINFO[0m	engine/engine.go:402	=====> 初始化导航栏按钮
2021-09-13T19:40:41.169+0800	[34mINFO[0m	engine/engine.go:402	=====> 初始化插件
2021-09-13T19:40:41.169+0800	[34mINFO[0m	engine/engine.go:402	=====> 初始化成功🍺🍺
2021-09-13T19:51:18.372+0800	[34mINFO[0m	engine/engine.go:402	=====> 初始化数据库连接
2021-09-13T19:51:18.410+0800	[34mINFO[0m	engine/engine.go:402	=====> 初始化配置
2021-09-13T19:51:18.420+0800	[34mINFO[0m	engine/engine.go:402	=====> 初始化导航栏按钮
2021-09-13T19:51:18.420+0800	[34mINFO[0m	engine/engine.go:402	=====> 初始化插件
2021-09-13T19:51:18.420+0800	[34mINFO[0m	engine/engine.go:402	=====> 初始化成功🍺🍺
2021-09-13T19:52:35.488+0800	[34mINFO[0m	engine/engine.go:402	=====> 初始化数据库连接
2021-09-13T19:52:35.517+0800	[34mINFO[0m	engine/engine.go:402	=====> 初始化配置
2021-09-13T19:52:35.521+0800	[34mINFO[0m	engine/engine.go:402	=====> 初始化导航栏按钮
2021-09-13T19:52:35.521+0800	[34mINFO[0m	engine/engine.go:402	=====> 初始化插件
2021-09-13T19:52:35.521+0800	[34mINFO[0m	engine/engine.go:402	=====> 初始化成功🍺🍺
2021-09-13T19:54:51.401+0800	[34mINFO[0m	engine/engine.go:402	=====> 初始化数据库连接
2021-09-13T19:54:51.435+0800	[34mINFO[0m	engine/engine.go:402	=====> 初始化配置
2021-09-13T19:54:51.441+0800	[34mINFO[0m	engine/engine.go:402	=====> 初始化导航栏按钮
2021-09-13T19:54:51.441+0800	[34mINFO[0m	engine/engine.go:402	=====> 初始化插件
2021-09-13T19:54:51.441+0800	[34mINFO[0m	engine/engine.go:402	=====> 初始化成功🍺🍺
2021-09-13T19:56:59.473+0800	[34mINFO[0m	engine/engine.go:402	=====> 初始化数据库连接
2021-09-13T19:56:59.504+0800	[34mINFO[0m	engine/engine.go:402	=====> 初始化配置
2021-09-13T19:56:59.511+0800	[34mINFO[0m	engine/engine.go:402	=====> 初始化导航栏按钮
2021-09-13T19:56:59.511+0800	[34mINFO[0m	engine/engine.go:402	=====> 初始化插件
2021-09-13T19:56:59.511+0800	[34mINFO[0m	engine/engine.go:402	=====> 初始化成功🍺🍺
2021-09-13T20:01:34.716+0800	[34mINFO[0m	engine/engine.go:402	=====> 初始化数据库连接
2021-09-13T20:01:34.751+0800	[34mINFO[0m	engine/engine.go:402	=====> 初始化配置
2021-09-13T20:01:34.757+0800	[34mINFO[0m	engine/engine.go:402	=====> 初始化导航栏按钮
2021-09-13T20:01:34.757+0800	[34mINFO[0m	engine/engine.go:402	=====> 初始化插件
2021-09-13T20:01:34.758+0800	[34mINFO[0m	engine/engine.go:402	=====> 初始化成功🍺🍺
2021-09-13T20:02:22.133+0800	[34mINFO[0m	engine/engine.go:402	=====> 初始化数据库连接
2021-09-13T20:02:22.164+0800	[34mINFO[0m	engine/engine.go:402	=====> 初始化配置
2021-09-13T20:02:22.171+0800	[34mINFO[0m	engine/engine.go:402	=====> 初始化导航栏按钮
2021-09-13T20:02:22.172+0800	[34mINFO[0m	engine/engine.go:402	=====> 初始化插件
2021-09-13T20:02:22.172+0800	[34mINFO[0m	engine/engine.go:402	=====> 初始化成功🍺🍺
2021-09-13T20:03:43.814+0800	[34mINFO[0m	engine/engine.go:402	=====> 初始化数据库连接
2021-09-13T20:03:43.843+0800	[34mINFO[0m	engine/engine.go:402	=====> 初始化配置
2021-09-13T20:03:43.849+0800	[34mINFO[0m	engine/engine.go:402	=====> 初始化导航栏按钮
2021-09-13T20:03:43.850+0800	[34mINFO[0m	engine/engine.go:402	=====> 初始化插件
2021-09-13T20:03:43.850+0800	[34mINFO[0m	engine/engine.go:402	=====> 初始化成功🍺🍺
2021-09-13T20:04:27.273+0800	[34mINFO[0m	engine/engine.go:402	=====> 初始化数据库连接
2021-09-13T20:04:27.303+0800	[34mINFO[0m	engine/engine.go:402	=====> 初始化配置
2021-09-13T20:04:27.309+0800	[34mINFO[0m	engine/engine.go:402	=====> 初始化导航栏按钮
2021-09-13T20:04:27.309+0800	[34mINFO[0m	engine/engine.go:402	=====> 初始化插件
2021-09-13T20:04:27.310+0800	[34mINFO[0m	engine/engine.go:402	=====> 初始化成功🍺🍺
2021-09-13T20:08:36.728+0800	[34mINFO[0m	engine/engine.go:402	=====> 初始化数据库连接
2021-09-13T20:08:36.758+0800	[34mINFO[0m	engine/engine.go:402	=====> 初始化配置
2021-09-13T20:08:36.763+0800	[34mINFO[0m	engine/engine.go:402	=====> 初始化导航栏按钮
2021-09-13T20:08:36.763+0800	[34mINFO[0m	engine/engine.go:402	=====> 初始化插件
2021-09-13T20:08:36.763+0800	[34mINFO[0m	engine/engine.go:402	=====> 初始化成功🍺🍺
2021-09-13T20:13:42.499+0800	[34mINFO[0m	engine/engine.go:402	=====> 初始化数据库连接
2021-09-13T20:13:42.532+0800	[34mINFO[0m	engine/engine.go:402	=====> 初始化配置
2021-09-13T20:13:42.537+0800	[34mINFO[0m	engine/engine.go:402	=====> 初始化导航栏按钮
2021-09-13T20:13:42.537+0800	[34mINFO[0m	engine/engine.go:402	=====> 初始化插件
2021-09-13T20:13:42.537+0800	[34mINFO[0m	engine/engine.go:402	=====> 初始化成功🍺🍺
2021-09-13T20:15:05.093+0800	[34mINFO[0m	engine/engine.go:402	=====> 初始化数据库连接
2021-09-13T20:15:05.121+0800	[34mINFO[0m	engine/engine.go:402	=====> 初始化配置
2021-09-13T20:15:05.127+0800	[34mINFO[0m	engine/engine.go:402	=====> 初始化导航栏按钮
2021-09-13T20:15:05.128+0800	[34mINFO[0m	engine/engine.go:402	=====> 初始化插件
2021-09-13T20:15:05.128+0800	[34mINFO[0m	engine/engine.go:402	=====> 初始化成功🍺🍺
